{"C:\\Users\\vinic\\Projects\\valeeeu\\server\\src\\domain\\shared\\name\\Name.ts": {"path":"C:\\Users\\vinic\\Projects\\valeeeu\\server\\src\\domain\\shared\\name\\Name.ts","all":false,"statementMap":{"0":{"start":{"line":1,"column":0},"end":{"line":1,"column":67}},"1":{"start":{"line":2,"column":0},"end":{"line":2,"column":44}},"2":{"start":{"line":3,"column":0},"end":{"line":3,"column":0}},"3":{"start":{"line":4,"column":0},"end":{"line":4,"column":39}},"4":{"start":{"line":5,"column":0},"end":{"line":5,"column":42}},"5":{"start":{"line":6,"column":0},"end":{"line":6,"column":43}},"6":{"start":{"line":7,"column":0},"end":{"line":7,"column":0}},"7":{"start":{"line":8,"column":0},"end":{"line":8,"column":40}},"8":{"start":{"line":9,"column":0},"end":{"line":9,"column":20}},"9":{"start":{"line":10,"column":0},"end":{"line":10,"column":5}},"10":{"start":{"line":11,"column":0},"end":{"line":11,"column":0}},"11":{"start":{"line":12,"column":0},"end":{"line":12,"column":33}},"12":{"start":{"line":13,"column":0},"end":{"line":13,"column":28}},"13":{"start":{"line":14,"column":0},"end":{"line":14,"column":0}},"14":{"start":{"line":15,"column":0},"end":{"line":15,"column":29}},"15":{"start":{"line":16,"column":0},"end":{"line":16,"column":5}},"16":{"start":{"line":17,"column":0},"end":{"line":17,"column":0}},"17":{"start":{"line":18,"column":0},"end":{"line":18,"column":51}},"18":{"start":{"line":19,"column":0},"end":{"line":19,"column":21}},"19":{"start":{"line":20,"column":0},"end":{"line":20,"column":32}},"20":{"start":{"line":21,"column":0},"end":{"line":21,"column":0}},"21":{"start":{"line":22,"column":0},"end":{"line":22,"column":29}},"22":{"start":{"line":23,"column":0},"end":{"line":23,"column":5}},"23":{"start":{"line":24,"column":0},"end":{"line":24,"column":0}},"24":{"start":{"line":25,"column":0},"end":{"line":25,"column":44}},"25":{"start":{"line":26,"column":0},"end":{"line":26,"column":72}},"26":{"start":{"line":27,"column":0},"end":{"line":27,"column":0}},"27":{"start":{"line":28,"column":0},"end":{"line":28,"column":44}},"28":{"start":{"line":29,"column":0},"end":{"line":29,"column":41}},"29":{"start":{"line":30,"column":0},"end":{"line":30,"column":9}},"30":{"start":{"line":31,"column":0},"end":{"line":31,"column":82}},"31":{"start":{"line":32,"column":0},"end":{"line":32,"column":5}},"32":{"start":{"line":33,"column":0},"end":{"line":33,"column":1}}},"s":{"0":1,"1":1,"2":1,"3":1,"4":1,"5":1,"6":1,"7":1,"8":2,"9":2,"10":1,"11":1,"12":3,"13":3,"14":3,"15":3,"16":1,"17":1,"18":1,"19":1,"20":1,"21":1,"22":1,"23":1,"24":1,"25":4,"26":3,"27":3,"28":2,"29":4,"30":4,"31":4,"32":1},"branchMap":{"0":{"type":"branch","line":8,"loc":{"start":{"line":8,"column":4},"end":{"line":10,"column":5}},"locations":[{"start":{"line":8,"column":4},"end":{"line":10,"column":5}}]},"1":{"type":"branch","line":12,"loc":{"start":{"line":12,"column":11},"end":{"line":16,"column":5}},"locations":[{"start":{"line":12,"column":11},"end":{"line":16,"column":5}}]},"2":{"type":"branch","line":18,"loc":{"start":{"line":18,"column":11},"end":{"line":23,"column":5}},"locations":[{"start":{"line":18,"column":11},"end":{"line":23,"column":5}}]},"3":{"type":"branch","line":25,"loc":{"start":{"line":25,"column":19},"end":{"line":32,"column":5}},"locations":[{"start":{"line":25,"column":19},"end":{"line":32,"column":5}}]},"4":{"type":"branch","line":26,"loc":{"start":{"line":26,"column":38},"end":{"line":26,"column":72}},"locations":[{"start":{"line":26,"column":38},"end":{"line":26,"column":72}}]},"5":{"type":"branch","line":27,"loc":{"start":{"line":27,"column":-2},"end":{"line":28,"column":44}},"locations":[{"start":{"line":27,"column":-2},"end":{"line":28,"column":44}}]},"6":{"type":"branch","line":28,"loc":{"start":{"line":28,"column":41},"end":{"line":29,"column":41}},"locations":[{"start":{"line":28,"column":41},"end":{"line":29,"column":41}}]},"7":{"type":"branch","line":31,"loc":{"start":{"line":31,"column":12},"end":{"line":31,"column":82}},"locations":[{"start":{"line":31,"column":12},"end":{"line":31,"column":82}}]}},"b":{"0":[2],"1":[3],"2":[1],"3":[4],"4":[1],"5":[3],"6":[2],"7":[1]},"fnMap":{"0":{"name":"Name","decl":{"start":{"line":8,"column":4},"end":{"line":10,"column":5}},"loc":{"start":{"line":8,"column":4},"end":{"line":10,"column":5}},"line":8},"1":{"name":"create","decl":{"start":{"line":12,"column":11},"end":{"line":16,"column":5}},"loc":{"start":{"line":12,"column":11},"end":{"line":16,"column":5}},"line":12},"2":{"name":"from","decl":{"start":{"line":18,"column":11},"end":{"line":23,"column":5}},"loc":{"start":{"line":18,"column":11},"end":{"line":23,"column":5}},"line":18},"3":{"name":"checkName","decl":{"start":{"line":25,"column":19},"end":{"line":32,"column":5}},"loc":{"start":{"line":25,"column":19},"end":{"line":32,"column":5}},"line":25}},"f":{"0":2,"1":3,"2":1,"3":4}}
}
