TN:
SF:src\domain\shared\name\Name.ts
FN:8,Name
FN:12,create
FN:18,from
FN:25,checkName
FNF:4
FNH:4
FNDA:2,Name
FNDA:3,create
FNDA:1,from
FNDA:4,checkName
DA:1,1
DA:2,1
DA:3,1
DA:4,1
DA:5,1
DA:6,1
DA:7,1
DA:8,1
DA:9,2
DA:10,2
DA:11,1
DA:12,1
DA:13,3
DA:14,3
DA:15,3
DA:16,3
DA:17,1
DA:18,1
DA:19,1
DA:20,1
DA:21,1
DA:22,1
DA:23,1
DA:24,1
DA:25,1
DA:26,4
DA:27,3
DA:28,3
DA:29,2
DA:30,4
DA:31,4
DA:32,4
DA:33,1
LF:33
LH:33
BRDA:8,0,0,2
BRDA:12,1,0,3
BRDA:18,2,0,1
BRDA:25,3,0,4
BRDA:26,4,0,1
BRDA:27,5,0,3
BRDA:28,6,0,2
BRDA:31,7,0,1
BRF:8
BRH:8
end_of_record
